[32m2026-01-26 16:28:32 +0000[0m - dagster - [34mDEBUG[0m - __ASSET_JOB - bee72151-2848-47c2-a64d-bed6cf66b65e - 6863 - LOGS_CAPTURED - Started capturing logs in process (pid: 6863).
[32m2026-01-26 16:28:32 +0000[0m - dagster - [34mDEBUG[0m - __ASSET_JOB - bee72151-2848-47c2-a64d-bed6cf66b65e - 6863 - embeddings - STEP_START - Started execution of step "embeddings".
[32m2026-01-26 16:28:32 +0000[0m - dagster - [34mINFO[0m - __ASSET_JOB - bee72151-2848-47c2-a64d-bed6cf66b65e - embeddings - Processing 7328 items in 8 batches (batch size: 1000)
[32m2026-01-26 16:28:32 +0000[0m - dagster - [34mINFO[0m - __ASSET_JOB - bee72151-2848-47c2-a64d-bed6cf66b65e - embeddings - Batch 1/8: Generating embeddings for 1000 items...
[32m2026-01-26 16:28:37 +0000[0m - dagster - [34mINFO[0m - __ASSET_JOB - bee72151-2848-47c2-a64d-bed6cf66b65e - embeddings - Batch 1/8: Inserting 1000 embeddings into database...
[32m2026-01-26 16:28:37 +0000[0m - dagster - [34mINFO[0m - __ASSET_JOB - bee72151-2848-47c2-a64d-bed6cf66b65e - embeddings - Batch 1/8: Completed (1000 upserted, 1000 total embeddings)
[32m2026-01-26 16:28:37 +0000[0m - dagster - [34mINFO[0m - __ASSET_JOB - bee72151-2848-47c2-a64d-bed6cf66b65e - embeddings - Batch 2/8: Generating embeddings for 1000 items...
[32m2026-01-26 16:28:40 +0000[0m - dagster - [34mINFO[0m - __ASSET_JOB - bee72151-2848-47c2-a64d-bed6cf66b65e - embeddings - Batch 2/8: Inserting 1000 embeddings into database...
[32m2026-01-26 16:28:40 +0000[0m - dagster - [34mINFO[0m - __ASSET_JOB - bee72151-2848-47c2-a64d-bed6cf66b65e - embeddings - Batch 2/8: Completed (1000 upserted, 2000 total embeddings)
[32m2026-01-26 16:28:40 +0000[0m - dagster - [34mINFO[0m - __ASSET_JOB - bee72151-2848-47c2-a64d-bed6cf66b65e - embeddings - Batch 3/8: Generating embeddings for 1000 items...
[32m2026-01-26 16:28:44 +0000[0m - dagster - [34mINFO[0m - __ASSET_JOB - bee72151-2848-47c2-a64d-bed6cf66b65e - embeddings - Batch 3/8: Inserting 1000 embeddings into database...
[32m2026-01-26 16:28:44 +0000[0m - dagster - [34mINFO[0m - __ASSET_JOB - bee72151-2848-47c2-a64d-bed6cf66b65e - embeddings - Batch 3/8: Completed (1000 upserted, 3000 total embeddings)
[32m2026-01-26 16:28:44 +0000[0m - dagster - [34mINFO[0m - __ASSET_JOB - bee72151-2848-47c2-a64d-bed6cf66b65e - embeddings - Batch 4/8: Generating embeddings for 1000 items...
[32m2026-01-26 16:28:47 +0000[0m - dagster - [34mINFO[0m - __ASSET_JOB - bee72151-2848-47c2-a64d-bed6cf66b65e - embeddings - Batch 4/8: Inserting 1000 embeddings into database...
[32m2026-01-26 16:28:47 +0000[0m - dagster - [34mINFO[0m - __ASSET_JOB - bee72151-2848-47c2-a64d-bed6cf66b65e - embeddings - Batch 4/8: Completed (1000 upserted, 4000 total embeddings)
[32m2026-01-26 16:28:47 +0000[0m - dagster - [34mINFO[0m - __ASSET_JOB - bee72151-2848-47c2-a64d-bed6cf66b65e - embeddings - Batch 5/8: Generating embeddings for 1000 items...
[32m2026-01-26 16:28:51 +0000[0m - dagster - [34mINFO[0m - __ASSET_JOB - bee72151-2848-47c2-a64d-bed6cf66b65e - embeddings - Batch 5/8: Inserting 1000 embeddings into database...
[32m2026-01-26 16:28:51 +0000[0m - dagster - [34mINFO[0m - __ASSET_JOB - bee72151-2848-47c2-a64d-bed6cf66b65e - embeddings - Batch 5/8: Completed (1000 upserted, 5000 total embeddings)
[32m2026-01-26 16:28:51 +0000[0m - dagster - [34mINFO[0m - __ASSET_JOB - bee72151-2848-47c2-a64d-bed6cf66b65e - embeddings - Batch 6/8: Generating embeddings for 1000 items...
[32m2026-01-26 16:28:54 +0000[0m - dagster - [34mINFO[0m - __ASSET_JOB - bee72151-2848-47c2-a64d-bed6cf66b65e - embeddings - Batch 6/8: Inserting 1000 embeddings into database...
[32m2026-01-26 16:28:54 +0000[0m - dagster - [34mINFO[0m - __ASSET_JOB - bee72151-2848-47c2-a64d-bed6cf66b65e - embeddings - Batch 6/8: Completed (1000 upserted, 6000 total embeddings)
[32m2026-01-26 16:28:54 +0000[0m - dagster - [34mINFO[0m - __ASSET_JOB - bee72151-2848-47c2-a64d-bed6cf66b65e - embeddings - Batch 7/8: Generating embeddings for 1000 items...
[32m2026-01-26 16:28:58 +0000[0m - dagster - [34mINFO[0m - __ASSET_JOB - bee72151-2848-47c2-a64d-bed6cf66b65e - embeddings - Batch 7/8: Inserting 1000 embeddings into database...
[32m2026-01-26 16:28:58 +0000[0m - dagster - [34mINFO[0m - __ASSET_JOB - bee72151-2848-47c2-a64d-bed6cf66b65e - embeddings - Batch 7/8: Completed (1000 upserted, 7000 total embeddings)
[32m2026-01-26 16:28:58 +0000[0m - dagster - [34mINFO[0m - __ASSET_JOB - bee72151-2848-47c2-a64d-bed6cf66b65e - embeddings - Batch 8/8: Generating embeddings for 328 items...
[32m2026-01-26 16:28:59 +0000[0m - dagster - [34mINFO[0m - __ASSET_JOB - bee72151-2848-47c2-a64d-bed6cf66b65e - embeddings - Batch 8/8: Inserting 328 embeddings into database...
[32m2026-01-26 16:28:59 +0000[0m - dagster - [34mINFO[0m - __ASSET_JOB - bee72151-2848-47c2-a64d-bed6cf66b65e - embeddings - Batch 8/8: Completed (328 upserted, 7328 total embeddings)
[32m2026-01-26 16:28:59 +0000[0m - dagster - [34mDEBUG[0m - __ASSET_JOB - bee72151-2848-47c2-a64d-bed6cf66b65e - 6863 - embeddings - STEP_OUTPUT - Yielded output "result" of type "Any". (Type check passed).
[32m2026-01-26 16:28:59 +0000[0m - dagster - [34mDEBUG[0m - __ASSET_JOB - bee72151-2848-47c2-a64d-bed6cf66b65e - 6863 - embeddings - ASSET_MATERIALIZATION - Materialized value silver embeddings.
[32m2026-01-26 16:28:59 +0000[0m - dagster - [34mDEBUG[0m - __ASSET_JOB - bee72151-2848-47c2-a64d-bed6cf66b65e - 6863 - embeddings - STEP_SUCCESS - Finished execution of step "embeddings" in 27.16s.
