[32m2026-01-27 08:16:29 +0000[0m - dagster - [34mDEBUG[0m - __ASSET_JOB - f506327a-61e7-4e8e-894a-25fa7553f8ae - 14455 - LOGS_CAPTURED - Started capturing logs in process (pid: 14455).
[32m2026-01-27 08:16:29 +0000[0m - dagster - [34mDEBUG[0m - __ASSET_JOB - f506327a-61e7-4e8e-894a-25fa7553f8ae - 14455 - embeddings - STEP_START - Started execution of step "embeddings".
[32m2026-01-27 08:16:29 +0000[0m - dagster - [34mINFO[0m - __ASSET_JOB - f506327a-61e7-4e8e-894a-25fa7553f8ae - embeddings - Processing 8185 items in 9 batches (batch size: 1000)
[32m2026-01-27 08:16:29 +0000[0m - dagster - [34mINFO[0m - __ASSET_JOB - f506327a-61e7-4e8e-894a-25fa7553f8ae - embeddings - Batch 1/9: Generating embeddings for 1000 items...
[32m2026-01-27 08:16:33 +0000[0m - dagster - [34mINFO[0m - __ASSET_JOB - f506327a-61e7-4e8e-894a-25fa7553f8ae - embeddings - Batch 1/9: Inserting 1000 items into database...
[32m2026-01-27 08:16:33 +0000[0m - dagster - [34mINFO[0m - __ASSET_JOB - f506327a-61e7-4e8e-894a-25fa7553f8ae - embeddings - Batch 1/9: Completed (1000 upserted, 1000 total embeddings)
[32m2026-01-27 08:16:33 +0000[0m - dagster - [34mINFO[0m - __ASSET_JOB - f506327a-61e7-4e8e-894a-25fa7553f8ae - embeddings - Batch 2/9: Generating embeddings for 1000 items...
[32m2026-01-27 08:16:36 +0000[0m - dagster - [34mINFO[0m - __ASSET_JOB - f506327a-61e7-4e8e-894a-25fa7553f8ae - embeddings - Batch 2/9: Inserting 1000 items into database...
[32m2026-01-27 08:16:36 +0000[0m - dagster - [34mINFO[0m - __ASSET_JOB - f506327a-61e7-4e8e-894a-25fa7553f8ae - embeddings - Batch 2/9: Completed (1000 upserted, 2000 total embeddings)
[32m2026-01-27 08:16:36 +0000[0m - dagster - [34mINFO[0m - __ASSET_JOB - f506327a-61e7-4e8e-894a-25fa7553f8ae - embeddings - Batch 3/9: Generating embeddings for 1000 items...
[32m2026-01-27 08:16:39 +0000[0m - dagster - [34mINFO[0m - __ASSET_JOB - f506327a-61e7-4e8e-894a-25fa7553f8ae - embeddings - Batch 3/9: Inserting 1000 items into database...
[32m2026-01-27 08:16:40 +0000[0m - dagster - [34mINFO[0m - __ASSET_JOB - f506327a-61e7-4e8e-894a-25fa7553f8ae - embeddings - Batch 3/9: Completed (1000 upserted, 3000 total embeddings)
[32m2026-01-27 08:16:40 +0000[0m - dagster - [34mINFO[0m - __ASSET_JOB - f506327a-61e7-4e8e-894a-25fa7553f8ae - embeddings - Batch 4/9: Generating embeddings for 1000 items...
[32m2026-01-27 08:16:43 +0000[0m - dagster - [34mINFO[0m - __ASSET_JOB - f506327a-61e7-4e8e-894a-25fa7553f8ae - embeddings - Batch 4/9: Inserting 1000 items into database...
[32m2026-01-27 08:16:43 +0000[0m - dagster - [34mINFO[0m - __ASSET_JOB - f506327a-61e7-4e8e-894a-25fa7553f8ae - embeddings - Batch 4/9: Completed (1000 upserted, 4000 total embeddings)
[32m2026-01-27 08:16:43 +0000[0m - dagster - [34mINFO[0m - __ASSET_JOB - f506327a-61e7-4e8e-894a-25fa7553f8ae - embeddings - Batch 5/9: Generating embeddings for 1000 items...
[32m2026-01-27 08:16:46 +0000[0m - dagster - [34mINFO[0m - __ASSET_JOB - f506327a-61e7-4e8e-894a-25fa7553f8ae - embeddings - Batch 5/9: Inserting 1000 items into database...
[32m2026-01-27 08:16:47 +0000[0m - dagster - [34mINFO[0m - __ASSET_JOB - f506327a-61e7-4e8e-894a-25fa7553f8ae - embeddings - Batch 5/9: Completed (1000 upserted, 5000 total embeddings)
[32m2026-01-27 08:16:47 +0000[0m - dagster - [34mINFO[0m - __ASSET_JOB - f506327a-61e7-4e8e-894a-25fa7553f8ae - embeddings - Batch 6/9: Generating embeddings for 1000 items...
[32m2026-01-27 08:16:50 +0000[0m - dagster - [34mINFO[0m - __ASSET_JOB - f506327a-61e7-4e8e-894a-25fa7553f8ae - embeddings - Batch 6/9: Inserting 1000 items into database...
[32m2026-01-27 08:16:50 +0000[0m - dagster - [34mINFO[0m - __ASSET_JOB - f506327a-61e7-4e8e-894a-25fa7553f8ae - embeddings - Batch 6/9: Completed (1000 upserted, 6000 total embeddings)
[32m2026-01-27 08:16:50 +0000[0m - dagster - [34mINFO[0m - __ASSET_JOB - f506327a-61e7-4e8e-894a-25fa7553f8ae - embeddings - Batch 7/9: Generating embeddings for 1000 items...
[32m2026-01-27 08:16:54 +0000[0m - dagster - [34mINFO[0m - __ASSET_JOB - f506327a-61e7-4e8e-894a-25fa7553f8ae - embeddings - Batch 7/9: Inserting 1000 items into database...
[32m2026-01-27 08:16:54 +0000[0m - dagster - [34mINFO[0m - __ASSET_JOB - f506327a-61e7-4e8e-894a-25fa7553f8ae - embeddings - Batch 7/9: Completed (1000 upserted, 7000 total embeddings)
[32m2026-01-27 08:16:54 +0000[0m - dagster - [34mINFO[0m - __ASSET_JOB - f506327a-61e7-4e8e-894a-25fa7553f8ae - embeddings - Batch 8/9: Generating embeddings for 1000 items...
[32m2026-01-27 08:16:58 +0000[0m - dagster - [34mINFO[0m - __ASSET_JOB - f506327a-61e7-4e8e-894a-25fa7553f8ae - embeddings - Batch 8/9: Inserting 1000 items into database...
[32m2026-01-27 08:16:58 +0000[0m - dagster - [34mINFO[0m - __ASSET_JOB - f506327a-61e7-4e8e-894a-25fa7553f8ae - embeddings - Batch 8/9: Completed (1000 upserted, 8000 total embeddings)
[32m2026-01-27 08:16:58 +0000[0m - dagster - [34mINFO[0m - __ASSET_JOB - f506327a-61e7-4e8e-894a-25fa7553f8ae - embeddings - Batch 9/9: Generating embeddings for 185 items...
[32m2026-01-27 08:16:59 +0000[0m - dagster - [34mINFO[0m - __ASSET_JOB - f506327a-61e7-4e8e-894a-25fa7553f8ae - embeddings - Batch 9/9: Inserting 185 items into database...
[32m2026-01-27 08:16:59 +0000[0m - dagster - [34mINFO[0m - __ASSET_JOB - f506327a-61e7-4e8e-894a-25fa7553f8ae - embeddings - Batch 9/9: Completed (185 upserted, 8185 total embeddings)
[32m2026-01-27 08:16:59 +0000[0m - dagster - [34mDEBUG[0m - __ASSET_JOB - f506327a-61e7-4e8e-894a-25fa7553f8ae - 14455 - embeddings - STEP_OUTPUT - Yielded output "result" of type "Any". (Type check passed).
[32m2026-01-27 08:16:59 +0000[0m - dagster - [34mDEBUG[0m - __ASSET_JOB - f506327a-61e7-4e8e-894a-25fa7553f8ae - 14455 - embeddings - ASSET_MATERIALIZATION - Materialized value embeddings.
[32m2026-01-27 08:16:59 +0000[0m - dagster - [34mDEBUG[0m - __ASSET_JOB - f506327a-61e7-4e8e-894a-25fa7553f8ae - 14455 - embeddings - STEP_SUCCESS - Finished execution of step "embeddings" in 29.62s.
